<?xml version="1.0" encoding="UTF-8"?>
<!-- Generated by org.testng.reporters.JUnitReportReporter -->
<testsuite hostname="debian" failures="0" tests="1" name="org.example.FormTest" time="25.993" errors="0" timestamp="2024-11-11T08:56:56 EST" skipped="0">
  <testcase classname="org.example.FormTest" name="FormFillingTest" time="25.993"/>
</testsuite> <!-- org.example.FormTest -->
