<?xml version="1.0" encoding="UTF-8"?>
<!-- Generated by org.testng.reporters.JUnitReportReporter -->
<testsuite hostname="dimqacsDebianHost" failures="0" tests="1" name="org.example.FormTest" time="3.000" errors="0" timestamp="2024-11-10T11:37:57 EST" skipped="0">
  <testcase classname="org.example.FormTest" name="FormFillingTest" time="3.000"/>
</testsuite> <!-- org.example.FormTest -->
