<?xml version="1.0" encoding="UTF-8"?>
<!-- Generated by org.testng.reporters.JUnitReportReporter -->
<testsuite hostname="debian" failures="0" tests="1" name="org.example.AppTest" time="0.002" errors="0" timestamp="2024-11-11T06:25:48 EST" skipped="0">
  <testcase classname="org.example.AppTest" name="shouldAnswerWithTrue" time="0.002"/>
</testsuite> <!-- org.example.AppTest -->
